2018-01-26 12:03:11,005 -- root -- WARNING -- DataImporter started
2018-01-26 12:03:11,015 -- root -- WARNING -- import_reddit_histo - start
2018-01-26 12:35:34,379 -- root -- WARNING -- DataImporter started
2018-01-26 12:35:34,387 -- root -- WARNING -- import_reddit_histo - start
2018-01-26 12:40:37,889 -- root -- WARNING -- import_reddit_histo - end
2018-01-26 12:40:37,891 -- root -- ERROR -- Error : ERREUR:  la colonne « idprocess » n'existe pas
LINE 1: Delete from process_params where idProcess = 1;
                                         ^
HINT:  Peut-être que vous souhaitiez référencer la colonne « process_params.IdProcess ».
 - Error while executing query : Delete from process_params where idProcess = 1;
2018-01-26 12:40:37,892 -- root -- WARNING -- DataImporter ended
2018-01-26 13:43:08,181 -- root -- WARNING -- DataImporter started
2018-01-26 13:43:08,188 -- root -- WARNING -- extract_crytopcompare_coins - start
2018-01-26 13:43:08,834 -- root -- WARNING -- extract_crytopcompare_coins - end
2018-01-26 13:43:08,834 -- root -- WARNING -- extract_coinmarketcap_prices - start
2018-01-26 13:43:08,890 -- root -- WARNING -- create_query_prices - start
2018-01-26 13:43:09,240 -- root -- WARNING -- create_query_prices - end
2018-01-26 13:43:09,310 -- root -- WARNING -- extract_coinmarketcap_prices - end
2018-01-26 13:43:09,311 -- root -- WARNING -- remove_useless_prices_coins - start
2018-01-26 13:43:09,422 -- root -- WARNING -- remove_useless_prices_coins - end
2018-01-26 13:43:09,422 -- root -- WARNING -- add_ids - start
2018-01-26 13:43:09,472 -- root -- WARNING -- add_ids - end
2018-01-26 13:43:09,472 -- root -- WARNING -- delete_excluded_coins - start
2018-01-26 13:43:09,527 -- root -- WARNING -- delete_excluded_coins - end
2018-01-26 13:43:09,528 -- root -- WARNING -- DataImporter ended
2018-01-26 13:43:20,879 -- root -- WARNING -- DataImporter started
2018-01-26 13:43:20,888 -- root -- WARNING -- extract_crytopcompare_coins - start
2018-01-26 13:43:21,610 -- root -- WARNING -- extract_crytopcompare_coins - end
2018-01-26 13:43:21,611 -- root -- WARNING -- extract_coinmarketcap_prices - start
2018-01-26 13:43:21,660 -- root -- WARNING -- create_query_prices - start
2018-01-26 13:43:21,940 -- root -- WARNING -- create_query_prices - end
2018-01-26 13:43:22,011 -- root -- WARNING -- extract_coinmarketcap_prices - end
2018-01-26 13:43:22,012 -- root -- WARNING -- remove_useless_prices_coins - start
2018-01-26 13:43:22,108 -- root -- WARNING -- remove_useless_prices_coins - end
2018-01-26 13:43:22,109 -- root -- WARNING -- add_ids - start
2018-01-26 13:43:22,155 -- root -- WARNING -- add_ids - end
2018-01-26 13:43:22,156 -- root -- WARNING -- delete_excluded_coins - start
2018-01-26 13:43:22,207 -- root -- WARNING -- delete_excluded_coins - end
2018-01-26 13:43:22,208 -- root -- WARNING -- DataImporter ended
2018-01-26 13:48:09,240 -- root -- WARNING -- DataImporter started
2018-01-26 13:48:09,251 -- root -- WARNING -- extract_crytopcompare_coins - start
2018-01-26 13:48:10,141 -- root -- WARNING -- extract_crytopcompare_coins - end
2018-01-26 13:48:10,141 -- root -- WARNING -- extract_coinmarketcap_prices - start
2018-01-26 13:48:10,193 -- root -- WARNING -- create_query_prices - start
2018-01-26 13:48:10,515 -- root -- WARNING -- create_query_prices - end
2018-01-26 13:48:10,583 -- root -- WARNING -- extract_coinmarketcap_prices - end
2018-01-26 13:48:10,583 -- root -- WARNING -- remove_useless_prices_coins - start
2018-01-26 13:48:10,681 -- root -- WARNING -- remove_useless_prices_coins - end
2018-01-26 13:48:10,681 -- root -- WARNING -- add_ids - start
2018-01-26 13:48:10,729 -- root -- WARNING -- add_ids - end
2018-01-26 13:48:10,729 -- root -- WARNING -- delete_excluded_coins - start
2018-01-26 13:48:10,776 -- root -- WARNING -- delete_excluded_coins - end
2018-01-26 13:48:10,777 -- root -- WARNING -- DataImporter ended
